TN:
SF:src\app.js
FN:30,(anonymous_0)
FN:31,(anonymous_1)
FNF:2
FNH:1
FNDA:4,(anonymous_0)
FNDA:0,(anonymous_1)
DA:9,4
DA:12,4
DA:14,4
DA:16,4
DA:17,4
DA:18,4
DA:19,4
DA:22,4
DA:24,4
DA:25,0
DA:26,0
DA:29,4
DA:30,4
DA:31,0
LF:14
LH:11
BRDA:24,0,0,0
BRDA:24,0,1,4
BRF:2
BRH:1
end_of_record
TN:
SF:src\controllers\authController.js
FN:7,login
FN:15,(anonymous_1)
FNF:2
FNH:1
FNDA:4,login
FNDA:0,(anonymous_1)
DA:8,4
DA:10,4
DA:11,4
DA:13,4
DA:14,4
DA:15,0
DA:18,4
DA:19,4
DA:21,4
DA:22,0
DA:25,4
DA:26,4
DA:28,0
DA:29,0
LF:14
LH:10
BRDA:14,0,0,0
BRDA:14,0,1,4
BRDA:21,1,0,0
BRDA:21,1,1,4
BRDA:21,2,0,4
BRDA:21,2,1,4
BRF:6
BRH:4
end_of_record
TN:
SF:src\controllers\groupController.js
FN:11,createGroup
FN:22,(anonymous_1)
FN:45,deleteGroup
FN:73,removeMember
FN:86,(anonymous_4)
FN:107,removeAdmin
FN:120,(anonymous_6)
FN:141,addMember
FN:154,(anonymous_8)
FN:175,searchGroups
FN:207,addAdmin
FN:220,(anonymous_11)
FNF:12
FNH:11
FNDA:2,createGroup
FNDA:0,(anonymous_1)
FNDA:1,deleteGroup
FNDA:1,removeMember
FNDA:1,(anonymous_4)
FNDA:1,removeAdmin
FNDA:1,(anonymous_6)
FNDA:2,addMember
FNDA:2,(anonymous_8)
FNDA:1,searchGroups
FNDA:1,addAdmin
FNDA:1,(anonymous_11)
DA:12,2
DA:13,2
DA:18,2
DA:19,2
DA:20,0
DA:22,0
DA:25,2
DA:27,2
DA:32,2
DA:35,2
DA:37,2
DA:39,0
DA:46,1
DA:47,1
DA:49,1
DA:50,1
DA:51,0
DA:54,1
DA:55,1
DA:57,1
DA:59,1
DA:65,1
DA:67,0
DA:74,1
DA:75,1
DA:76,1
DA:78,1
DA:79,1
DA:80,0
DA:83,1
DA:86,1
DA:87,1
DA:93,1
DA:95,1
DA:98,1
DA:101,0
DA:108,1
DA:109,1
DA:110,1
DA:112,1
DA:113,1
DA:114,0
DA:117,1
DA:120,1
DA:121,1
DA:127,1
DA:129,1
DA:132,1
DA:135,0
DA:142,2
DA:143,2
DA:144,2
DA:146,2
DA:147,2
DA:148,0
DA:151,2
DA:154,2
DA:155,2
DA:161,2
DA:163,2
DA:166,2
DA:169,0
DA:176,1
DA:177,1
DA:178,1
DA:179,1
DA:181,1
DA:182,1
DA:184,1
DA:189,1
DA:194,1
DA:198,1
DA:200,0
DA:208,1
DA:209,1
DA:210,1
DA:212,1
DA:213,1
DA:214,0
DA:217,1
DA:220,1
DA:221,1
DA:227,1
DA:229,1
DA:232,1
DA:235,0
LF:86
LH:72
BRDA:19,0,0,0
BRDA:19,0,1,2
BRDA:50,1,0,0
BRDA:50,1,1,1
BRDA:57,2,0,1
BRDA:57,2,1,0
BRDA:79,3,0,0
BRDA:79,3,1,1
BRDA:93,4,0,1
BRDA:93,4,1,0
BRDA:113,5,0,0
BRDA:113,5,1,1
BRDA:127,6,0,1
BRDA:127,6,1,0
BRDA:147,7,0,0
BRDA:147,7,1,2
BRDA:161,8,0,2
BRDA:161,8,1,0
BRDA:181,9,0,1
BRDA:181,9,1,0
BRDA:213,10,0,0
BRDA:213,10,1,1
BRDA:227,11,0,1
BRDA:227,11,1,0
BRF:24
BRH:12
end_of_record
TN:
SF:src\controllers\messageController.js
FN:7,sendMessage
FN:15,(anonymous_1)
FN:47,likeMessage
FN:54,(anonymous_3)
FN:92,getMessagesByGroup
FNF:5
FNH:3
FNDA:1,sendMessage
FNDA:0,(anonymous_1)
FNDA:1,likeMessage
FNDA:0,(anonymous_3)
FNDA:1,getMessagesByGroup
DA:8,1
DA:10,1
DA:11,1
DA:13,1
DA:14,1
DA:15,0
DA:18,1
DA:21,1
DA:22,1
DA:25,1
DA:32,1
DA:35,1
DA:36,1
DA:39,1
DA:41,0
DA:42,0
DA:48,1
DA:50,1
DA:52,1
DA:53,1
DA:54,0
DA:57,1
DA:59,1
DA:60,1
DA:63,1
DA:66,1
DA:67,1
DA:69,1
DA:72,1
DA:73,1
DA:83,1
DA:85,1
DA:87,0
DA:93,1
DA:94,1
DA:97,1
DA:98,1
DA:99,0
DA:103,1
DA:107,1
DA:109,0
DA:110,0
LF:42
LH:34
BRDA:14,0,0,0
BRDA:14,0,1,1
BRDA:22,1,0,0
BRDA:22,1,1,1
BRDA:53,2,0,0
BRDA:53,2,1,1
BRDA:60,3,0,0
BRDA:60,3,1,1
BRDA:66,4,0,1
BRDA:66,4,1,0
BRDA:98,5,0,0
BRDA:98,5,1,1
BRF:12
BRH:6
end_of_record
TN:
SF:src\controllers\userController.js
FN:7,createUser
FN:28,(anonymous_1)
FN:56,editUser
FN:91,(anonymous_3)
FNF:4
FNH:2
FNDA:6,createUser
FNDA:0,(anonymous_1)
FNDA:1,editUser
FNDA:0,(anonymous_3)
DA:8,6
DA:10,6
DA:11,6
DA:15,6
DA:19,6
DA:24,6
DA:25,6
DA:26,0
DA:28,0
DA:31,6
DA:32,6
DA:34,6
DA:41,6
DA:43,5
DA:45,1
DA:57,1
DA:59,1
DA:60,1
DA:65,1
DA:70,1
DA:75,1
DA:80,1
DA:86,1
DA:87,1
DA:88,1
DA:89,0
DA:91,0
DA:94,1
DA:95,1
DA:96,1
DA:98,1
DA:104,1
DA:105,0
DA:108,1
DA:110,0
LF:35
LH:29
BRDA:25,0,0,0
BRDA:25,0,1,6
BRDA:88,1,0,0
BRDA:88,1,1,1
BRDA:96,2,0,0
BRDA:96,2,1,1
BRDA:104,3,0,0
BRDA:104,3,1,1
BRF:8
BRH:4
end_of_record
TN:
SF:src\middlewares\authMiddleware.js
FN:3,authenticateToken
FN:9,(anonymous_1)
FNF:2
FNH:2
FNDA:12,authenticateToken
FNDA:12,(anonymous_1)
DA:4,12
DA:5,12
DA:6,0
DA:9,12
DA:10,12
DA:11,0
DA:13,12
DA:14,12
LF:8
LH:6
BRDA:5,0,0,0
BRDA:5,0,1,12
BRDA:10,1,0,0
BRDA:10,1,1,12
BRF:4
BRH:2
end_of_record
TN:
SF:src\middlewares\checkAdminMiddleware.js
FN:3,isAdmin
FNF:1
FNH:1
FNDA:5,isAdmin
DA:4,5
DA:5,5
DA:7,5
DA:8,0
DA:11,5
DA:13,5
DA:14,0
DA:17,5
LF:8
LH:6
BRDA:7,0,0,0
BRDA:7,0,1,5
BRDA:13,1,0,0
BRDA:13,1,1,5
BRF:4
BRH:2
end_of_record
TN:
SF:src\models\groupModel.js
FNF:0
FNH:0
DA:3,4
DA:5,4
LF:2
LH:2
BRF:0
BRH:0
end_of_record
TN:
SF:src\models\messageModel.js
FNF:0
FNH:0
DA:3,4
DA:11,4
LF:2
LH:2
BRF:0
BRH:0
end_of_record
TN:
SF:src\models\userModel.js
FNF:0
FNH:0
DA:3,4
DA:5,4
LF:2
LH:2
BRF:0
BRH:0
end_of_record
TN:
SF:src\routes\authRoutes.js
FNF:0
FNH:0
DA:5,4
DA:7,4
LF:2
LH:2
BRF:0
BRH:0
end_of_record
TN:
SF:src\routes\groupRoutes.js
FNF:0
FNH:0
DA:13,4
DA:15,4
DA:16,4
DA:17,4
DA:18,4
DA:19,4
DA:20,4
DA:21,4
LF:8
LH:8
BRF:0
BRH:0
end_of_record
TN:
SF:src\routes\messageRoutes.js
FNF:0
FNH:0
DA:6,4
DA:8,4
DA:9,4
DA:10,4
LF:4
LH:4
BRF:0
BRH:0
end_of_record
TN:
SF:src\routes\userRoutes.js
FNF:0
FNH:0
DA:7,4
DA:9,4
DA:10,4
LF:3
LH:3
BRF:0
BRH:0
end_of_record
TN:
SF:src\utils\jwt.js
FN:3,generateToken
FNF:1
FNH:1
FNDA:4,generateToken
DA:4,4
LF:1
LH:1
BRF:0
BRH:0
end_of_record
TN:
SF:src\utils\utils.js
FN:3,updateUserGroups
FN:13,removeUserGroupAssociation
FNF:2
FNH:2
FNDA:6,updateUserGroups
FNDA:1,removeUserGroupAssociation
DA:4,6
DA:14,1
LF:2
LH:2
BRF:0
BRH:0
end_of_record
TN:
SF:src\websocket\socket.js
FN:5,initSocket
FN:12,(anonymous_1)
FN:15,(anonymous_2)
FN:20,(anonymous_3)
FN:24,(anonymous_4)
FN:30,getIO
FNF:6
FNH:6
FNDA:2,initSocket
FNDA:1,(anonymous_1)
FNDA:1,(anonymous_2)
FNDA:1,(anonymous_3)
FNDA:1,(anonymous_4)
FNDA:2,getIO
DA:6,2
DA:12,2
DA:13,1
DA:15,1
DA:16,1
DA:17,1
DA:20,1
DA:21,1
DA:24,1
DA:25,1
DA:31,2
DA:32,0
DA:34,2
LF:13
LH:12
BRDA:31,0,0,0
BRDA:31,0,1,2
BRF:2
BRH:1
end_of_record
